<?xml version="1.0" encoding="UTF-8" ?>
<testsuite failures="0" time="0" errors="0" skipped="0" tests="0" name="com.inspur.hbase.test.TestMain">
  <properties>
    <property name="java.runtime.name" value="Java(TM) SE Runtime Environment"/>
    <property name="sun.boot.library.path" value="C:\Program Files\Java\jdk1.6.0_25\jre\bin"/>
    <property name="java.vm.version" value="20.0-b11"/>
    <property name="java.vm.vendor" value="Sun Microsystems Inc."/>
    <property name="java.vendor.url" value="http://java.sun.com/"/>
    <property name="path.separator" value=";"/>
    <property name="guice.disable.misplaced.annotation.check" value="true"/>
    <property name="java.vm.name" value="Java HotSpot(TM) Client VM"/>
    <property name="file.encoding.pkg" value="sun.io"/>
    <property name="user.country" value="CN"/>
    <property name="sun.java.launcher" value="SUN_STANDARD"/>
    <property name="sun.os.patch.level" value="Service Pack 3"/>
    <property name="java.vm.specification.name" value="Java Virtual Machine Specification"/>
    <property name="user.dir" value="F:\newWorkSpace\HBaseSolrTool"/>
    <property name="java.runtime.version" value="1.6.0_25-b06"/>
    <property name="java.awt.graphicsenv" value="sun.awt.Win32GraphicsEnvironment"/>
    <property name="java.endorsed.dirs" value="C:\Program Files\Java\jdk1.6.0_25\jre\lib\endorsed"/>
    <property name="os.arch" value="x86"/>
    <property name="java.io.tmpdir" value="C:\DOCUME~1\Test\LOCALS~1\Temp\"/>
    <property name="line.separator" value="
"/>
    <property name="java.vm.specification.vendor" value="Sun Microsystems Inc."/>
    <property name="user.variant" value=""/>
    <property name="os.name" value="Windows XP"/>
    <property name="classworlds.conf" value="F:\newWorkSpace\.metadata\.plugins\org.eclipse.m2e.launching\launches\m2conf4687021787581151532.tmp"/>
    <property name="sun.jnu.encoding" value="GBK"/>
    <property name="java.library.path" value="C:\Program Files\Java\jdk1.6.0_25\bin;.;C:\WINDOWS\Sun\Java\bin;C:\WINDOWS\system32;C:\WINDOWS;C:/Program Files/Java/jdk1.6.0_25/bin/../jre/bin/client;C:/Program Files/Java/jdk1.6.0_25/bin/../jre/bin;C:/Program Files/Java/jdk1.6.0_25/bin/../jre/lib/i386;D:\Program Files\Git\git-cheetah\..\bin;D:\Program Files\Git\git-cheetah\..\bin;D:\Program Files\Git\git-cheetah\..\bin;C:\Program Files\Common Files\NetSarang;D:\tomcat7\lib;D:\tomcat7\bin;C:\Program Files\Java\jdk1.6.0_25\bin;C:\app\Test\product\11.2.0\client_1\bin;C:\app\Test\product\11.2.0\client_1;C:\WINDOWS\system32;C:\WINDOWS;C:\WINDOWS\System32\Wbem;C:\Program Files\Smart Projects\IsoBuster;D:\Program Files\Git\cmd;D:\ant\bin;D:\maven\bin;D:\Program Files\IDM Computer Solutions\UltraEdit\;C:\Documents and Settings\Test;"/>
    <property name="java.specification.name" value="Java Platform API Specification"/>
    <property name="java.class.version" value="50.0"/>
    <property name="sun.management.compiler" value="HotSpot Client Compiler"/>
    <property name="os.version" value="5.1"/>
    <property name="user.home" value="C:\Documents and Settings\Test"/>
    <property name="user.timezone" value="Asia/Shanghai"/>
    <property name="java.awt.printerjob" value="sun.awt.windows.WPrinterJob"/>
    <property name="file.encoding" value="UTF-8"/>
    <property name="java.specification.version" value="1.6"/>
    <property name="user.name" value="Test"/>
    <property name="java.class.path" value="D:\maven\boot\plexus-classworlds-2.4.2.jar"/>
    <property name="org.slf4j.simpleLogger.defaultLogLevel" value="info"/>
    <property name="java.vm.specification.version" value="1.0"/>
    <property name="sun.arch.data.model" value="32"/>
    <property name="java.home" value="C:\Program Files\Java\jdk1.6.0_25\jre"/>
    <property name="sun.java.command" value="org.codehaus.classworlds.Launcher -B -s D:\maven\conf\settings.xml install"/>
    <property name="java.specification.vendor" value="Sun Microsystems Inc."/>
    <property name="user.language" value="zh"/>
    <property name="awt.toolkit" value="sun.awt.windows.WToolkit"/>
    <property name="java.vm.info" value="mixed mode, sharing"/>
    <property name="java.version" value="1.6.0_25"/>
    <property name="java.ext.dirs" value="C:\Program Files\Java\jdk1.6.0_25\jre\lib\ext;C:\WINDOWS\Sun\Java\lib\ext"/>
    <property name="sun.boot.class.path" value="C:\Program Files\Java\jdk1.6.0_25\jre\lib\resources.jar;C:\Program Files\Java\jdk1.6.0_25\jre\lib\rt.jar;C:\Program Files\Java\jdk1.6.0_25\jre\lib\sunrsasign.jar;C:\Program Files\Java\jdk1.6.0_25\jre\lib\jsse.jar;C:\Program Files\Java\jdk1.6.0_25\jre\lib\jce.jar;C:\Program Files\Java\jdk1.6.0_25\jre\lib\charsets.jar;C:\Program Files\Java\jdk1.6.0_25\jre\lib\modules\jdk.boot.jar;C:\Program Files\Java\jdk1.6.0_25\jre\classes"/>
    <property name="java.vendor" value="Sun Microsystems Inc."/>
    <property name="maven.home" value="D:\maven"/>
    <property name="file.separator" value="\"/>
    <property name="java.vendor.url.bug" value="http://java.sun.com/cgi-bin/bugreport.cgi"/>
    <property name="maven.bootclasspath" value="D:\maven\boot\plexus-classworlds-2.4.2.jar"/>
    <property name="sun.cpu.endian" value="little"/>
    <property name="sun.io.unicode.encoding" value="UnicodeLittle"/>
    <property name="sun.desktop" value="windows"/>
    <property name="sun.cpu.isalist" value="pentium_pro+mmx pentium_pro pentium+mmx pentium i486 i386 i86"/>
  </properties>
</testsuite>